<?xml version="1.0" encoding="UTF-8"?>
<!-- Generated by org.testng.reporters.JUnitReportReporter -->
<testsuite hostname="DESKTOP-EVK9GMC" failures="0" tests="1" name="sample.Test1" time="0.003" errors="0" timestamp="12 Feb 2021 14:29:10 GMT" skipped="0">
  <testcase classname="sample.Test1" name="demo" time="0.003"/>
</testsuite> <!-- sample.Test1 -->
