<?xml version="1.0" encoding="UTF-8"?>
<!-- Generated by org.testng.reporters.JUnitReportReporter -->
<testsuite hostname="DESKTOP-EVK9GMC" failures="0" tests="1" name="sample.Test2" time="0.027" errors="0" timestamp="12 Feb 2021 14:29:11 GMT" skipped="0">
  <testcase classname="sample.Test2" name="demo" time="0.027"/>
</testsuite> <!-- sample.Test2 -->
